mode: set
socialmedia/features/comments/services/service.go:18.58,23.2 1 1
socialmedia/features/comments/services/service.go:25.95,27.17 2 1
socialmedia/features/comments/services/service.go:30.2,32.16 3 1
socialmedia/features/comments/services/service.go:39.2,40.16 2 1
socialmedia/features/comments/services/service.go:50.2,50.17 1 1
socialmedia/features/comments/services/service.go:27.17,29.3 1 1
socialmedia/features/comments/services/service.go:32.16,33.59 1 0
socialmedia/features/comments/services/service.go:36.3,36.81 1 0
socialmedia/features/comments/services/service.go:33.59,35.4 1 0
socialmedia/features/comments/services/service.go:40.16,42.49 2 1
socialmedia/features/comments/services/service.go:47.3,47.42 1 1
socialmedia/features/comments/services/service.go:42.49,44.4 1 1
socialmedia/features/comments/services/service.go:44.9,46.4 1 1
socialmedia/features/comments/services/service.go:54.114,56.17 2 1
socialmedia/features/comments/services/service.go:60.2,61.16 2 1
socialmedia/features/comments/services/service.go:71.2,71.17 1 1
socialmedia/features/comments/services/service.go:56.17,58.3 1 1
socialmedia/features/comments/services/service.go:61.16,63.49 2 1
socialmedia/features/comments/services/service.go:68.3,68.42 1 1
socialmedia/features/comments/services/service.go:63.49,65.4 1 1
socialmedia/features/comments/services/service.go:65.9,67.4 1 1
socialmedia/features/comments/services/service.go:74.70,76.17 2 1
socialmedia/features/comments/services/service.go:80.2,81.16 2 1
socialmedia/features/comments/services/service.go:91.2,91.12 1 1
socialmedia/features/comments/services/service.go:76.17,78.3 1 1
socialmedia/features/comments/services/service.go:81.16,83.49 2 1
socialmedia/features/comments/services/service.go:88.3,88.25 1 1
socialmedia/features/comments/services/service.go:83.49,85.4 1 1
socialmedia/features/comments/services/service.go:85.9,87.4 1 1
socialmedia/features/posts/services/service.go:20.46,25.2 1 1
socialmedia/features/posts/services/service.go:27.111,29.17 2 1
socialmedia/features/posts/services/service.go:33.2,34.16 2 1
socialmedia/features/posts/services/service.go:38.2,39.16 2 0
socialmedia/features/posts/services/service.go:43.2,46.17 3 0
socialmedia/features/posts/services/service.go:53.2,54.17 2 0
socialmedia/features/posts/services/service.go:57.2,57.17 1 0
socialmedia/features/posts/services/service.go:29.17,31.3 1 0
socialmedia/features/posts/services/service.go:34.16,36.3 1 1
socialmedia/features/posts/services/service.go:39.16,41.3 1 0
socialmedia/features/posts/services/service.go:46.17,47.60 1 0
socialmedia/features/posts/services/service.go:50.3,50.78 1 0
socialmedia/features/posts/services/service.go:47.60,49.4 1 0
socialmedia/features/posts/services/service.go:54.17,56.3 1 0
socialmedia/features/posts/services/service.go:60.103,63.16 3 1
socialmedia/features/posts/services/service.go:71.2,71.17 1 1
socialmedia/features/posts/services/service.go:63.16,65.49 2 1
socialmedia/features/posts/services/service.go:68.3,68.59 1 1
socialmedia/features/posts/services/service.go:65.49,67.4 1 1
socialmedia/features/posts/services/service.go:74.53,76.16 2 1
socialmedia/features/posts/services/service.go:81.2,81.17 1 1
socialmedia/features/posts/services/service.go:76.16,79.3 2 1
socialmedia/features/posts/services/service.go:84.68,86.16 2 1
socialmedia/features/posts/services/service.go:96.2,96.17 1 1
socialmedia/features/posts/services/service.go:86.16,88.49 2 1
socialmedia/features/posts/services/service.go:93.3,93.30 1 1
socialmedia/features/posts/services/service.go:88.49,90.4 1 1
socialmedia/features/posts/services/service.go:90.9,92.4 1 1
socialmedia/features/posts/services/service.go:99.65,102.16 3 1
socialmedia/features/posts/services/service.go:111.2,111.12 1 1
socialmedia/features/posts/services/service.go:102.16,104.47 2 1
socialmedia/features/posts/services/service.go:109.3,109.25 1 1
socialmedia/features/posts/services/service.go:104.47,106.4 1 0
socialmedia/features/posts/services/service.go:106.9,108.4 1 1
socialmedia/features/users/services/service.go:21.47,26.2 1 1
socialmedia/features/users/services/service.go:28.86,30.16 2 1
socialmedia/features/users/services/service.go:40.2,40.69 1 1
socialmedia/features/users/services/service.go:45.2,51.27 6 1
socialmedia/features/users/services/service.go:30.16,32.49 2 1
socialmedia/features/users/services/service.go:37.3,37.43 1 1
socialmedia/features/users/services/service.go:32.49,34.4 1 1
socialmedia/features/users/services/service.go:34.9,36.4 1 1
socialmedia/features/users/services/service.go:40.69,43.3 2 1
socialmedia/features/users/services/service.go:54.74,56.16 2 1
socialmedia/features/users/services/service.go:60.2,62.16 3 1
socialmedia/features/users/services/service.go:72.2,72.17 1 1
socialmedia/features/users/services/service.go:56.16,59.3 2 0
socialmedia/features/users/services/service.go:62.16,64.50 2 1
socialmedia/features/users/services/service.go:69.3,69.39 1 1
socialmedia/features/users/services/service.go:64.50,66.4 1 0
socialmedia/features/users/services/service.go:66.9,68.4 1 1
socialmedia/features/users/services/service.go:74.72,76.13 2 1
socialmedia/features/users/services/service.go:79.2,80.16 2 1
socialmedia/features/users/services/service.go:90.2,90.17 1 1
socialmedia/features/users/services/service.go:76.13,78.3 1 1
socialmedia/features/users/services/service.go:80.16,82.49 2 1
socialmedia/features/users/services/service.go:87.3,87.39 1 1
socialmedia/features/users/services/service.go:82.49,84.4 1 1
socialmedia/features/users/services/service.go:84.9,86.4 1 1
socialmedia/features/users/services/service.go:93.121,95.13 2 1
socialmedia/features/users/services/service.go:99.2,100.16 2 1
socialmedia/features/users/services/service.go:104.2,105.16 2 0
socialmedia/features/users/services/service.go:109.2,112.16 3 0
socialmedia/features/users/services/service.go:122.2,122.17 1 0
socialmedia/features/users/services/service.go:95.13,97.3 1 0
socialmedia/features/users/services/service.go:100.16,102.3 1 1
socialmedia/features/users/services/service.go:105.16,107.3 1 0
socialmedia/features/users/services/service.go:112.16,114.49 2 0
socialmedia/features/users/services/service.go:119.3,119.39 1 0
socialmedia/features/users/services/service.go:114.49,116.4 1 0
socialmedia/features/users/services/service.go:116.9,118.4 1 0
socialmedia/features/users/services/service.go:125.57,127.13 2 1
socialmedia/features/users/services/service.go:131.2,132.16 2 1
socialmedia/features/users/services/service.go:142.2,142.12 1 1
socialmedia/features/users/services/service.go:127.13,129.3 1 1
socialmedia/features/users/services/service.go:132.16,134.49 2 1
socialmedia/features/users/services/service.go:139.3,139.25 1 1
socialmedia/features/users/services/service.go:134.49,136.4 1 1
socialmedia/features/users/services/service.go:136.9,138.4 1 1
