mode: set
socialmedia/features/posts/services/service.go:15.46,19.2 1 1
socialmedia/features/posts/services/service.go:22.84,30.16 3 1
socialmedia/features/posts/services/service.go:33.2,33.17 1 1
socialmedia/features/posts/services/service.go:30.16,32.3 1 1
socialmedia/features/posts/services/service.go:37.104,40.16 3 1
socialmedia/features/posts/services/service.go:48.2,48.17 1 1
socialmedia/features/posts/services/service.go:40.16,42.49 2 1
socialmedia/features/posts/services/service.go:45.3,45.59 1 1
socialmedia/features/posts/services/service.go:42.49,44.4 1 1
socialmedia/features/posts/services/service.go:52.53,54.16 2 1
socialmedia/features/posts/services/service.go:59.2,59.17 1 1
socialmedia/features/posts/services/service.go:54.16,57.3 2 1
socialmedia/features/posts/services/service.go:63.66,66.16 3 1
socialmedia/features/posts/services/service.go:75.2,75.12 1 1
socialmedia/features/posts/services/service.go:66.16,68.44 2 1
socialmedia/features/posts/services/service.go:73.3,73.25 1 1
socialmedia/features/posts/services/service.go:68.44,70.4 1 0
socialmedia/features/posts/services/service.go:70.9,72.4 1 1
socialmedia/features/users/services/service.go:20.47,25.2 1 1
socialmedia/features/users/services/service.go:27.86,29.16 2 1
socialmedia/features/users/services/service.go:39.2,39.69 1 1
socialmedia/features/users/services/service.go:44.2,50.27 6 1
socialmedia/features/users/services/service.go:29.16,31.49 2 1
socialmedia/features/users/services/service.go:36.3,36.43 1 1
socialmedia/features/users/services/service.go:31.49,33.4 1 1
socialmedia/features/users/services/service.go:33.9,35.4 1 1
socialmedia/features/users/services/service.go:39.69,42.3 2 1
socialmedia/features/users/services/service.go:53.74,55.16 2 1
socialmedia/features/users/services/service.go:59.2,61.16 3 1
socialmedia/features/users/services/service.go:71.2,71.17 1 1
socialmedia/features/users/services/service.go:55.16,58.3 2 0
socialmedia/features/users/services/service.go:61.16,63.50 2 1
socialmedia/features/users/services/service.go:68.3,68.39 1 1
socialmedia/features/users/services/service.go:63.50,65.4 1 0
socialmedia/features/users/services/service.go:65.9,67.4 1 1
socialmedia/features/users/services/service.go:73.72,75.13 2 1
socialmedia/features/users/services/service.go:78.2,79.16 2 1
socialmedia/features/users/services/service.go:89.2,89.17 1 1
socialmedia/features/users/services/service.go:75.13,77.3 1 1
socialmedia/features/users/services/service.go:79.16,81.49 2 1
socialmedia/features/users/services/service.go:86.3,86.39 1 1
socialmedia/features/users/services/service.go:81.49,83.4 1 1
socialmedia/features/users/services/service.go:83.9,85.4 1 1
socialmedia/features/users/services/service.go:92.94,94.13 2 1
socialmedia/features/users/services/service.go:98.2,99.16 2 1
socialmedia/features/users/services/service.go:109.2,109.17 1 1
socialmedia/features/users/services/service.go:94.13,96.3 1 1
socialmedia/features/users/services/service.go:99.16,101.49 2 1
socialmedia/features/users/services/service.go:106.3,106.39 1 1
socialmedia/features/users/services/service.go:101.49,103.4 1 1
socialmedia/features/users/services/service.go:103.9,105.4 1 1
socialmedia/features/users/services/service.go:112.57,114.13 2 1
socialmedia/features/users/services/service.go:118.2,119.16 2 1
socialmedia/features/users/services/service.go:129.2,129.12 1 1
socialmedia/features/users/services/service.go:114.13,116.3 1 1
socialmedia/features/users/services/service.go:119.16,121.49 2 1
socialmedia/features/users/services/service.go:126.3,126.25 1 1
socialmedia/features/users/services/service.go:121.49,123.4 1 1
socialmedia/features/users/services/service.go:123.9,125.4 1 1
